Server Time 0.0: Starting Module Manager...
Server Time 0.0: Module Manager Started...
Server Time 0.001: Module LOGGER Added...
Server Time 0.001: Loading WLCP Game Server Configuration...
Server Time 0.001: Module CONFIGURATION Added...
Server Time 0.01: Parsing Server Configuration...
Server Time 0.01: Game Server Host Name: 192.168.0.100
Server Time 0.01: Game Server Port Number: 3333
Server Time 0.011: Debug Server Host Name: 127.0.0.1
Server Time 0.011: Debug Server Port Number: 3334
Server Time 0.011: Parsing Heart Beat Configuration...
Server Time 0.011: Heart Beat Enabled: true
Server Time 0.011: Heart Beat Time Out Time: 10000
Server Time 0.011: Module CONFIGURATION Added...
Server Time 0.011: Starting WLCP Game Server...
Server Time 0.02: Server Binded To 192.168.0.100:3333
Server Time 0.02: Listening for connections...
Server Time 0.022: Module SERVER Added...
Server Time 0.022: Setting up Task Manager...
Server Time 0.022: Module TASK_MANAGER Added...
Server Time 0.03: Task Packet Distributor (Thread-36) Added...
Server Time 0.073: Task Server Packet Handler (Thread-37) Added...
